<?xml version="1.0" encoding="UTF-8"?>
<!-- Generated by org.testng.reporters.JUnitXMLReporter -->
<testsuite ignored="0" hostname="DESKTOP-JK31SBD" failures="1" tests="2" name="FillTextBox with error validation" time="144.042" errors="0" timestamp="2025-10-14T09:26:22 IST">
  <testcase classname="OpenQA.testcases.TextBoxTest2" name="confJumponTextBoxPage" time="5.427"/>
  <testcase classname="OpenQA.testcases.TextBoxTest2" name="showsWrongsubmittedDetail" time="5.464">
    <failure type="java.lang.AssertionError" message="expected [false] but found [true]">
      <![CDATA[java.lang.AssertionError: expected [false] but found [true]
at OpenQA.testcases.TextBoxTest2.showsWrongsubmittedDetail(TextBoxTest2.java:33)
at java.base/java.util.ArrayList.forEach(ArrayList.java:1596)
... Removed 29 stack frames]]>
    </failure>
  </testcase> <!-- showsWrongsubmittedDetail -->
</testsuite> <!-- FillTextBox with error validation -->
